Arguments: 
  /usr/bin/node /usr/share/yarn/bin/yarn.js add apollo-server-express express graphql bcrypt express-jwt jsonwebtoken pg pg-hstore squelize

PATH: 
  /root/.autojump/bin:/usr/local/sbin:/usr/local/bin:/usr/sbin:/usr/bin:/sbin:/bin:/usr/games:/usr/local/games:/mnt/c/Program Files (x86)/Common Files/Oracle/Java/javapath:/mnt/c/WINDOWS/system32:/mnt/c/WINDOWS:/mnt/c/WINDOWS/System32/Wbem:/mnt/c/WINDOWS/System32/WindowsPowerShell/v1.0/:/mnt/c/WINDOWS/System32/OpenSSH/:/mnt/c/Program Files/Microsoft SQL Server/130/Tools/Binn/:/mnt/c/Program Files/Git/cmd:/mnt/c/Program Files/Microsoft VS Code/bin:/mnt/c/Program Files/nodejs/:/mnt/c/Program Files/php:/mnt/c/ProgramData/ComposerSetup/bin:/mnt/c/ProgramData/chocolatey/bin:/mnt/c/Program Files/Docker/Docker/resources/bin:/mnt/c/ProgramData/DockerDesktop/version-bin:/mnt/c/Users/benma/AppData/Local/Microsoft/WindowsApps:/mnt/c/php:/mnt/c/Program Files/heroku/bin:/mnt/c/Users/benma/3D Objects/heroku/bin:/mnt/c/Users/benma/AppData/Local/Android/Sdk/platform-tools:/mnt/c/Users/benma/AppData/Local/Android/Sdk/tools:/mnt/c/Android/tools/bin/platform-tools:/mnt/c/Users/benma/AppData/Roaming/npm:/mnt/c/Users/benma/AppData/Roaming/Composer/vendor/bin:/mnt/c/Users/benma/AppData/Roaming/Composer/vendor/bin:/root/.fzf/bin

Yarn version: 
  1.22.5

Node version: 
  10.19.0

Platform: 
  linux x64

Trace: 
  Error: https://registry.yarnpkg.com/squelize: Not found
      at Request.params.callback [as _callback] (/usr/share/yarn/lib/cli.js:66988:18)
      at Request.self.callback (/usr/share/yarn/lib/cli.js:140749:22)
      at Request.emit (events.js:198:13)
      at Request.<anonymous> (/usr/share/yarn/lib/cli.js:141721:10)
      at Request.emit (events.js:198:13)
      at IncomingMessage.<anonymous> (/usr/share/yarn/lib/cli.js:141643:12)
      at Object.onceWrapper (events.js:286:20)
      at IncomingMessage.emit (events.js:203:15)
      at endReadableNT (_stream_readable.js:1145:12)
      at process._tickCallback (internal/process/next_tick.js:63:19)

npm manifest: 
  {
    "name": "GraphQL-Squelize-test",
    "version": "1.0.0",
    "description": "Just a test",
    "main": "server.js",
    "author": "Ben Matt",
    "license": "MIT",
    "private": false
  }

yarn manifest: 
  No manifest

Lockfile: 
  No lockfile
